[0.536s] Invoking command in '/home/chan/ws_ros2_camera/src/ros2_opencv': CONDA_PROMPT_MODIFIER=(base) PYTHONPATH=/home/chan/ws_ros2_camera/build/ros2_opencv/prefix_override:/usr/lib/python3/dist-packages/colcon_core/task/python/colcon_distutils_commands:/home/chan/ws_ros2_camera/install/ros2_opencv/lib/python3.10/site-packages:${PYTHONPATH} /usr/bin/python3 -W ignore:setup.py install is deprecated -W ignore:easy_install command is deprecated setup.py egg_info --egg-base ../../build/ros2_opencv build --build-base /home/chan/ws_ros2_camera/build/ros2_opencv/build install --record /home/chan/ws_ros2_camera/build/ros2_opencv/install.log --single-version-externally-managed install_data
[0.745s] running egg_info
[0.745s] writing ../../build/ros2_opencv/ros2_opencv.egg-info/PKG-INFO
[0.746s] writing dependency_links to ../../build/ros2_opencv/ros2_opencv.egg-info/dependency_links.txt
[0.746s] writing entry points to ../../build/ros2_opencv/ros2_opencv.egg-info/entry_points.txt
[0.746s] writing requirements to ../../build/ros2_opencv/ros2_opencv.egg-info/requires.txt
[0.746s] writing top-level names to ../../build/ros2_opencv/ros2_opencv.egg-info/top_level.txt
[0.747s] reading manifest file '../../build/ros2_opencv/ros2_opencv.egg-info/SOURCES.txt'
[0.748s] writing manifest file '../../build/ros2_opencv/ros2_opencv.egg-info/SOURCES.txt'
[0.748s] running build
[0.748s] running build_py
[0.748s] copying ros2_opencv/cameraPublisher.py -> /home/chan/ws_ros2_camera/build/ros2_opencv/build/lib/ros2_opencv
[0.748s] running install
[0.749s] running install_lib
[0.749s] copying /home/chan/ws_ros2_camera/build/ros2_opencv/build/lib/ros2_opencv/cameraPublisher.py -> /home/chan/ws_ros2_camera/install/ros2_opencv/lib/python3.10/site-packages/ros2_opencv
[0.750s] byte-compiling /home/chan/ws_ros2_camera/install/ros2_opencv/lib/python3.10/site-packages/ros2_opencv/cameraPublisher.py to cameraPublisher.cpython-310.pyc
[0.750s] running install_data
[0.750s] copying package.xml -> /home/chan/ws_ros2_camera/install/ros2_opencv/share/ros2_opencv
[0.750s] running install_egg_info
[0.752s] removing '/home/chan/ws_ros2_camera/install/ros2_opencv/lib/python3.10/site-packages/ros2_opencv-0.0.0-py3.10.egg-info' (and everything under it)
[0.752s] Copying ../../build/ros2_opencv/ros2_opencv.egg-info to /home/chan/ws_ros2_camera/install/ros2_opencv/lib/python3.10/site-packages/ros2_opencv-0.0.0-py3.10.egg-info
[0.753s] running install_scripts
[0.770s] Installing publisher_node script to /home/chan/ws_ros2_camera/install/ros2_opencv/lib/ros2_opencv
[0.770s] Installing subscriber_node script to /home/chan/ws_ros2_camera/install/ros2_opencv/lib/ros2_opencv
[0.770s] writing list of installed files to '/home/chan/ws_ros2_camera/build/ros2_opencv/install.log'
[0.788s] Invoked command in '/home/chan/ws_ros2_camera/src/ros2_opencv' returned '0': CONDA_PROMPT_MODIFIER=(base) PYTHONPATH=/home/chan/ws_ros2_camera/build/ros2_opencv/prefix_override:/usr/lib/python3/dist-packages/colcon_core/task/python/colcon_distutils_commands:/home/chan/ws_ros2_camera/install/ros2_opencv/lib/python3.10/site-packages:${PYTHONPATH} /usr/bin/python3 -W ignore:setup.py install is deprecated -W ignore:easy_install command is deprecated setup.py egg_info --egg-base ../../build/ros2_opencv build --build-base /home/chan/ws_ros2_camera/build/ros2_opencv/build install --record /home/chan/ws_ros2_camera/build/ros2_opencv/install.log --single-version-externally-managed install_data
